Сборка начата 21.10.2024 8:53:09.
Уровень детализации журнала: Normal.     1>Проект "C:\Users\Влад\Desktop\Лабы_Шиман\Lab04\ServerB\ServerB\ServerB.vcxproj" в узле 2 (целевые объекты Build).
     1>PrepareForBuild:
         Структурированный вывод включен. Форматирование диагностики компилятора будет отражать иерархию ошибок. Подробнее см. https://aka.ms/cpp/structured-output.
       InitializeBuildStatus:
         Создание "x64\Debug\ServerB.tlog\unsuccessfulbuild", так как было задано "AlwaysCreate".
         Обращение к "x64\Debug\ServerB.tlog\unsuccessfulbuild".
       ClCompile:
         C:\Program Files\Microsoft Visual Studio\2022\Community\VC\Tools\MSVC\14.39.33519\bin\HostX64\x64\CL.exe /c /ZI /JMC /nologo /W3 /WX- /diagnostics:column /sdl /Od /D _DEBUG /D _CONSOLE /D _UNICODE /D UNICODE /Gm- /EHsc /RTC1 /MDd /GS /fp:precise /Zc:wchar_t /Zc:forScope /Zc:inline /permissive- /Fo"x64\Debug\\" /Fd"x64\Debug\vc143.pdb" /external:W3 /Gd /TP /FC /errorReport:prompt ServerB.cpp
         ServerB.cpp
     1>C:\Users\Влад\Desktop\Лабы_Шиман\Lab04\ServerB\ServerB\ServerB.cpp(135,43): warning C4267: аргумент: преобразование из "size_t" в "int"; возможна потеря данных
     1>C:\Users\Влад\Desktop\Лабы_Шиман\Lab04\ServerB\ServerB\ServerB.cpp(172,49): warning C4267: аргумент: преобразование из "size_t" в "int"; возможна потеря данных
     1>C:\Users\Влад\Desktop\Лабы_Шиман\Lab04\ServerB\ServerB\ServerB.cpp(207,1): warning C4715: GetServer: значение возвращается не при всех путях выполнения
       Link:
         C:\Program Files\Microsoft Visual Studio\2022\Community\VC\Tools\MSVC\14.39.33519\bin\HostX64\x64\link.exe /ERRORREPORT:PROMPT /OUT:"C:\Users\Влад\Desktop\Лабы_Шиман\Lab04\ServerB\x64\Debug\ServerB.exe" /INCREMENTAL /ILK:"x64\Debug\ServerB.ilk" /NOLOGO kernel32.lib user32.lib gdi32.lib winspool.lib comdlg32.lib advapi32.lib shell32.lib ole32.lib oleaut32.lib uuid.lib odbc32.lib odbccp32.lib /MANIFEST /MANIFESTUAC:"level='asInvoker' uiAccess='false'" /manifest:embed /DEBUG /PDB:"C:\Users\Влад\Desktop\Лабы_Шиман\Lab04\ServerB\x64\Debug\ServerB.pdb" /SUBSYSTEM:CONSOLE /TLBID:1 /DYNAMICBASE /NXCOMPAT /IMPLIB:"C:\Users\Влад\Desktop\Лабы_Шиман\Lab04\ServerB\x64\Debug\ServerB.lib" /MACHINE:X64 x64\Debug\ServerB.obj
         ServerB.vcxproj -> C:\Users\Влад\Desktop\Лабы_Шиман\Lab04\ServerB\x64\Debug\ServerB.exe
       FinalizeBuildStatus:
         Файл "x64\Debug\ServerB.tlog\unsuccessfulbuild" удаляется.
         Обращение к "x64\Debug\ServerB.tlog\ServerB.lastbuildstate".
     1>Сборка проекта "C:\Users\Влад\Desktop\Лабы_Шиман\Lab04\ServerB\ServerB\ServerB.vcxproj" завершена (целевые объекты Build).

Сборка успешно завершена.

       "C:\Users\Влад\Desktop\Лабы_Шиман\Lab04\ServerB\ServerB\ServerB.vcxproj" (целевой объект Build ) (1) ->
       (Целевой объект ClCompile) -> 
         C:\Users\Влад\Desktop\Лабы_Шиман\Lab04\ServerB\ServerB\ServerB.cpp(135,43): warning C4267: аргумент: преобразование из "size_t" в "int"; возможна потеря данных
         C:\Users\Влад\Desktop\Лабы_Шиман\Lab04\ServerB\ServerB\ServerB.cpp(172,49): warning C4267: аргумент: преобразование из "size_t" в "int"; возможна потеря данных
         C:\Users\Влад\Desktop\Лабы_Шиман\Lab04\ServerB\ServerB\ServerB.cpp(207,1): warning C4715: GetServer: значение возвращается не при всех путях выполнения

    Предупреждений: 3
    Ошибок: 0

Прошло времени 00:00:03.07
