Сборка начата 20.10.2024 23:51:49.
Уровень детализации журнала: Normal.     1>Проект "C:\Users\Влад\Desktop\Лабы_Шиман\Lab06\ClientNPt\ClientNPt\ClientNPt.vcxproj" в узле 2 (целевые объекты Build).
     1>PrepareForBuild:
         Структурированный вывод включен. Форматирование диагностики компилятора будет отражать иерархию ошибок. Подробнее см. https://aka.ms/cpp/structured-output.
       InitializeBuildStatus:
         Создание "x64\Debug\ClientNPt.tlog\unsuccessfulbuild", так как было задано "AlwaysCreate".
         Обращение к "x64\Debug\ClientNPt.tlog\unsuccessfulbuild".
       ClCompile:
         C:\Program Files\Microsoft Visual Studio\2022\Community\VC\Tools\MSVC\14.39.33519\bin\HostX64\x64\CL.exe /c /ZI /JMC /nologo /W3 /WX- /diagnostics:column /sdl /Od /D _DEBUG /D _CONSOLE /D _UNICODE /D UNICODE /Gm- /EHsc /RTC1 /MDd /GS /fp:precise /Zc:wchar_t /Zc:forScope /Zc:inline /permissive- /Fo"x64\Debug\\" /Fd"x64\Debug\vc143.pdb" /external:W3 /Gd /TP /FC /errorReport:prompt ClientNPt.cpp
         ClientNPt.cpp
     1>C:\Users\Влад\Desktop\Лабы_Шиман\Lab06\ClientNPt\ClientNPt\ClientNPt.cpp(171,12): warning C4101: hPipe: неиспользованная локальная переменная
       Link:
         C:\Program Files\Microsoft Visual Studio\2022\Community\VC\Tools\MSVC\14.39.33519\bin\HostX64\x64\link.exe /ERRORREPORT:PROMPT /OUT:"C:\Users\Влад\Desktop\Лабы_Шиман\Lab06\ClientNPt\x64\Debug\ClientNPt.exe" /INCREMENTAL /ILK:"x64\Debug\ClientNPt.ilk" /NOLOGO kernel32.lib user32.lib gdi32.lib winspool.lib comdlg32.lib advapi32.lib shell32.lib ole32.lib oleaut32.lib uuid.lib odbc32.lib odbccp32.lib /MANIFEST /MANIFESTUAC:"level='asInvoker' uiAccess='false'" /manifest:embed /DEBUG /PDB:"C:\Users\Влад\Desktop\Лабы_Шиман\Lab06\ClientNPt\x64\Debug\ClientNPt.pdb" /SUBSYSTEM:CONSOLE /TLBID:1 /DYNAMICBASE /NXCOMPAT /IMPLIB:"C:\Users\Влад\Desktop\Лабы_Шиман\Lab06\ClientNPt\x64\Debug\ClientNPt.lib" /MACHINE:X64 x64\Debug\ClientNPt.obj
         ClientNPt.vcxproj -> C:\Users\Влад\Desktop\Лабы_Шиман\Lab06\ClientNPt\x64\Debug\ClientNPt.exe
       FinalizeBuildStatus:
         Файл "x64\Debug\ClientNPt.tlog\unsuccessfulbuild" удаляется.
         Обращение к "x64\Debug\ClientNPt.tlog\ClientNPt.lastbuildstate".
     1>Сборка проекта "C:\Users\Влад\Desktop\Лабы_Шиман\Lab06\ClientNPt\ClientNPt\ClientNPt.vcxproj" завершена (целевые объекты Build).

Сборка успешно завершена.

       "C:\Users\Влад\Desktop\Лабы_Шиман\Lab06\ClientNPt\ClientNPt\ClientNPt.vcxproj" (целевой объект Build ) (1) ->
       (Целевой объект ClCompile) -> 
         C:\Users\Влад\Desktop\Лабы_Шиман\Lab06\ClientNPt\ClientNPt\ClientNPt.cpp(171,12): warning C4101: hPipe: неиспользованная локальная переменная

    Предупреждений: 1
    Ошибок: 0

Прошло времени 00:00:01.03
