Сборка начата 04.10.2024 18:58:02.
Уровень детализации журнала: Normal.     1>Проект "C:\Users\Влад\source\repos\ClientT\ClientT\ClientT.vcxproj" в узле 2 (целевые объекты Build).
     1>PrepareForBuild:
         Структурированный вывод включен. Форматирование диагностики компилятора будет отражать иерархию ошибок. Подробнее см. https://aka.ms/cpp/structured-output.
       InitializeBuildStatus:
         Создание "x64\Debug\ClientT.tlog\unsuccessfulbuild", так как было задано "AlwaysCreate".
         Обращение к "x64\Debug\ClientT.tlog\unsuccessfulbuild".
       ClCompile:
         C:\Program Files\Microsoft Visual Studio\2022\Community\VC\Tools\MSVC\14.39.33519\bin\HostX64\x64\CL.exe /c /ZI /JMC /nologo /W3 /WX- /diagnostics:column /sdl /Od /D _DEBUG /D _CONSOLE /D _UNICODE /D UNICODE /Gm- /EHsc /RTC1 /MDd /GS /fp:precise /Zc:wchar_t /Zc:forScope /Zc:inline /permissive- /Fo"x64\Debug\\" /Fd"x64\Debug\vc143.pdb" /external:W3 /Gd /TP /FC /errorReport:prompt ClientT.cpp
         ClientT.cpp
     1>C:\Users\Влад\source\repos\ClientT\ClientT\ClientT.cpp(70,46): warning C4267: аргумент: преобразование из "size_t" в "int"; возможна потеря данных
     1>C:\Users\Влад\source\repos\ClientT\ClientT\ClientT.cpp(89,47): warning C4267: аргумент: преобразование из "size_t" в "int"; возможна потеря данных
     1>C:\Users\Влад\source\repos\ClientT\ClientT\ClientT.cpp(57,8): warning C4101: substr: неиспользованная локальная переменная
       Link:
         C:\Program Files\Microsoft Visual Studio\2022\Community\VC\Tools\MSVC\14.39.33519\bin\HostX64\x64\link.exe /ERRORREPORT:PROMPT /OUT:"C:\Users\Влад\source\repos\ClientT\x64\Debug\ClientT.exe" /INCREMENTAL /ILK:"x64\Debug\ClientT.ilk" /NOLOGO kernel32.lib user32.lib gdi32.lib winspool.lib comdlg32.lib advapi32.lib shell32.lib ole32.lib oleaut32.lib uuid.lib odbc32.lib odbccp32.lib /MANIFEST /MANIFESTUAC:"level='asInvoker' uiAccess='false'" /manifest:embed /DEBUG /PDB:"C:\Users\Влад\source\repos\ClientT\x64\Debug\ClientT.pdb" /SUBSYSTEM:CONSOLE /TLBID:1 /DYNAMICBASE /NXCOMPAT /IMPLIB:"C:\Users\Влад\source\repos\ClientT\x64\Debug\ClientT.lib" /MACHINE:X64 x64\Debug\ClientT.obj
         ClientT.vcxproj -> C:\Users\Влад\source\repos\ClientT\x64\Debug\ClientT.exe
       FinalizeBuildStatus:
         Файл "x64\Debug\ClientT.tlog\unsuccessfulbuild" удаляется.
         Обращение к "x64\Debug\ClientT.tlog\ClientT.lastbuildstate".
     1>Сборка проекта "C:\Users\Влад\source\repos\ClientT\ClientT\ClientT.vcxproj" завершена (целевые объекты Build).

Сборка успешно завершена.

       "C:\Users\Влад\source\repos\ClientT\ClientT\ClientT.vcxproj" (целевой объект Build ) (1) ->
       (Целевой объект ClCompile) -> 
         C:\Users\Влад\source\repos\ClientT\ClientT\ClientT.cpp(70,46): warning C4267: аргумент: преобразование из "size_t" в "int"; возможна потеря данных
         C:\Users\Влад\source\repos\ClientT\ClientT\ClientT.cpp(89,47): warning C4267: аргумент: преобразование из "size_t" в "int"; возможна потеря данных
         C:\Users\Влад\source\repos\ClientT\ClientT\ClientT.cpp(57,8): warning C4101: substr: неиспользованная локальная переменная

    Предупреждений: 3
    Ошибок: 0

Прошло времени 00:00:01.02
