Сборка начата 20.10.2024 13:44:53.
Уровень детализации журнала: Normal.     1>Проект "C:\Users\Влад\Desktop\Лабы_Шиман\Lab05\ServerS\ServerS\ServerS.vcxproj" в узле 2 (целевые объекты Build).
     1>PrepareForBuild:
         Структурированный вывод включен. Форматирование диагностики компилятора будет отражать иерархию ошибок. Подробнее см. https://aka.ms/cpp/structured-output.
       InitializeBuildStatus:
         Создание "x64\Debug\ServerS.tlog\unsuccessfulbuild", так как было задано "AlwaysCreate".
         Обращение к "x64\Debug\ServerS.tlog\unsuccessfulbuild".
       ClCompile:
         C:\Program Files\Microsoft Visual Studio\2022\Community\VC\Tools\MSVC\14.39.33519\bin\HostX64\x64\CL.exe /c /ZI /JMC /nologo /W3 /WX- /diagnostics:column /sdl /Od /D _DEBUG /D _CONSOLE /D _UNICODE /D UNICODE /Gm- /EHsc /RTC1 /MDd /GS /fp:precise /Zc:wchar_t /Zc:forScope /Zc:inline /permissive- /Fo"x64\Debug\\" /Fd"x64\Debug\vc143.pdb" /external:W3 /Gd /TP /FC /errorReport:prompt ServerS.cpp
         ServerS.cpp
     1>C:\Users\Влад\Desktop\Лабы_Шиман\Lab05\ServerS\ServerS\ServerS.cpp(140,43): warning C4267: аргумент: преобразование из "size_t" в "int"; возможна потеря данных
     1>C:\Users\Влад\Desktop\Лабы_Шиман\Lab05\ServerS\ServerS\ServerS.cpp(177,49): warning C4267: аргумент: преобразование из "size_t" в "int"; возможна потеря данных
     1>C:\Users\Влад\Desktop\Лабы_Шиман\Lab05\ServerS\ServerS\ServerS.cpp(212,1): warning C4715: GetServer: значение возвращается не при всех путях выполнения
       Link:
         C:\Program Files\Microsoft Visual Studio\2022\Community\VC\Tools\MSVC\14.39.33519\bin\HostX64\x64\link.exe /ERRORREPORT:PROMPT /OUT:"C:\Users\Влад\Desktop\Лабы_Шиман\Lab05\ServerS\x64\Debug\ServerS.exe" /INCREMENTAL /ILK:"x64\Debug\ServerS.ilk" /NOLOGO kernel32.lib user32.lib gdi32.lib winspool.lib comdlg32.lib advapi32.lib shell32.lib ole32.lib oleaut32.lib uuid.lib odbc32.lib odbccp32.lib /MANIFEST /MANIFESTUAC:"level='asInvoker' uiAccess='false'" /manifest:embed /DEBUG /PDB:"C:\Users\Влад\Desktop\Лабы_Шиман\Lab05\ServerS\x64\Debug\ServerS.pdb" /SUBSYSTEM:CONSOLE /TLBID:1 /DYNAMICBASE /NXCOMPAT /IMPLIB:"C:\Users\Влад\Desktop\Лабы_Шиман\Lab05\ServerS\x64\Debug\ServerS.lib" /MACHINE:X64 x64\Debug\ServerS.obj
         ServerS.vcxproj -> C:\Users\Влад\Desktop\Лабы_Шиман\Lab05\ServerS\x64\Debug\ServerS.exe
       FinalizeBuildStatus:
         Файл "x64\Debug\ServerS.tlog\unsuccessfulbuild" удаляется.
         Обращение к "x64\Debug\ServerS.tlog\ServerS.lastbuildstate".
     1>Сборка проекта "C:\Users\Влад\Desktop\Лабы_Шиман\Lab05\ServerS\ServerS\ServerS.vcxproj" завершена (целевые объекты Build).

Сборка успешно завершена.

       "C:\Users\Влад\Desktop\Лабы_Шиман\Lab05\ServerS\ServerS\ServerS.vcxproj" (целевой объект Build ) (1) ->
       (Целевой объект ClCompile) -> 
         C:\Users\Влад\Desktop\Лабы_Шиман\Lab05\ServerS\ServerS\ServerS.cpp(140,43): warning C4267: аргумент: преобразование из "size_t" в "int"; возможна потеря данных
         C:\Users\Влад\Desktop\Лабы_Шиман\Lab05\ServerS\ServerS\ServerS.cpp(177,49): warning C4267: аргумент: преобразование из "size_t" в "int"; возможна потеря данных
         C:\Users\Влад\Desktop\Лабы_Шиман\Lab05\ServerS\ServerS\ServerS.cpp(212,1): warning C4715: GetServer: значение возвращается не при всех путях выполнения

    Предупреждений: 3
    Ошибок: 0

Прошло времени 00:00:01.37
