Сборка начата 04.10.2024 18:56:07.
Уровень детализации журнала: Normal.     1>Проект "C:\Users\Влад\source\repos\PSP2\PSP2\PSP2.vcxproj" в узле 2 (целевые объекты Build).
     1>PrepareForBuild:
         Структурированный вывод включен. Форматирование диагностики компилятора будет отражать иерархию ошибок. Подробнее см. https://aka.ms/cpp/structured-output.
       InitializeBuildStatus:
         Создание "x64\Release\ServerT.tlog\unsuccessfulbuild", так как было задано "AlwaysCreate".
         Обращение к "x64\Release\ServerT.tlog\unsuccessfulbuild".
       ClCompile:
         C:\Program Files\Microsoft Visual Studio\2022\Community\VC\Tools\MSVC\14.39.33519\bin\HostX64\x64\CL.exe /c /Zi /nologo /W3 /WX- /diagnostics:column /sdl /O2 /Oi /GL /D NDEBUG /D _CONSOLE /D _UNICODE /D UNICODE /Gm- /EHsc /MD /GS /Gy /fp:precise /Zc:wchar_t /Zc:forScope /Zc:inline /permissive- /Fo"x64\Release\\" /Fd"x64\Release\vc143.pdb" /external:W3 /Gd /TP /FC /errorReport:prompt ServerT.cpp
         ServerT.cpp
     1>C:\Users\Влад\source\repos\PSP2\PSP2\ServerT.cpp(100,55): warning C4267: аргумент: преобразование из "size_t" в "int"; возможна потеря данных
       Link:
         C:\Program Files\Microsoft Visual Studio\2022\Community\VC\Tools\MSVC\14.39.33519\bin\HostX64\x64\link.exe /ERRORREPORT:PROMPT /OUT:"C:\Users\Влад\source\repos\PSP2\x64\Release\ServerT.exe" /NOLOGO kernel32.lib user32.lib gdi32.lib winspool.lib comdlg32.lib advapi32.lib shell32.lib ole32.lib oleaut32.lib uuid.lib odbc32.lib odbccp32.lib /MANIFEST /MANIFESTUAC:"level='asInvoker' uiAccess='false'" /manifest:embed /DEBUG /PDB:"C:\Users\Влад\source\repos\PSP2\x64\Release\ServerT.pdb" /SUBSYSTEM:CONSOLE /OPT:REF /OPT:ICF /LTCG:incremental /LTCGOUT:"x64\Release\ServerT.iobj" /TLBID:1 /DYNAMICBASE /NXCOMPAT /IMPLIB:"C:\Users\Влад\source\repos\PSP2\x64\Release\ServerT.lib" /MACHINE:X64 x64\Release\ServerT.obj
         Создание кода
         Previous IPDB and IOBJ mismatch, fall back to full compilation.
         All 112 functions were compiled because no usable IPDB/IOBJ from previous compilation was found.
         Создание кода завершено
         PSP2.vcxproj -> C:\Users\Влад\source\repos\PSP2\x64\Release\ServerT.exe
       FinalizeBuildStatus:
         Файл "x64\Release\ServerT.tlog\unsuccessfulbuild" удаляется.
         Обращение к "x64\Release\ServerT.tlog\ServerT.lastbuildstate".
     1>Сборка проекта "C:\Users\Влад\source\repos\PSP2\PSP2\PSP2.vcxproj" завершена (целевые объекты Build).

Сборка успешно завершена.

       "C:\Users\Влад\source\repos\PSP2\PSP2\PSP2.vcxproj" (целевой объект Build ) (1) ->
       (Целевой объект ClCompile) -> 
         C:\Users\Влад\source\repos\PSP2\PSP2\ServerT.cpp(100,55): warning C4267: аргумент: преобразование из "size_t" в "int"; возможна потеря данных

    Предупреждений: 1
    Ошибок: 0

Прошло времени 00:00:01.14
